<?xml version="1.0" encoding="UTF-8"?>
<!-- Generated by org.testng.reporters.JUnitXMLReporter -->
<testsuite ignored="0" hostname="LAPTOP-MB7DGVQG" failures="2" tests="15" name="Test" time="70.039" errors="0" timestamp="2023-11-18T14:18:21 IST">
  <testcase classname="P21Jan2024.e2e.Login1" name="f" time="2.333"/>
  <testcase classname="P21Jan2024.e2e.Dev1.Dev1" name="f" time="0.001">
    <skipped/>
  </testcase> <!-- f -->
  <testcase classname="P21Jan2024.e2e.Dev1.Dev1" name="f" time="0.0">
    <skipped/>
  </testcase> <!-- f -->
  <testcase classname="P21Jan2024.e2e.Dev1.Dev1" name="f" time="0.0">
    <skipped/>
  </testcase> <!-- f -->
  <testcase classname="P21Jan2024.e2e.Dev1.Dev1" name="f" time="0.0">
    <failure type="java.lang.AssertionError" message="expected [true] but found [false]">
      <![CDATA[java.lang.AssertionError: expected [true] but found [false]
at P21Jan2024.e2e.Dev1.Dev1.f(Dev1.java:17)
at java.base/java.util.ArrayList.forEach(ArrayList.java:1511)
... Removed 36 stack frames]]>
    </failure>
  </testcase> <!-- f -->
  <testcase classname="P21Jan2024.e2e.Dev1.Dev2" name="f" time="6.102"/>
  <testcase classname="P21Jan2024.e2e.Dev1.Dev3" name="f" time="6.081"/>
  <testcase classname="P21Jan2024.e2e.Dev1.Dev3" name="f" time="0.0">
    <skipped/>
  </testcase> <!-- f -->
  <testcase classname="P21Jan2024.e2e.Dev1.Dev3" name="f" time="0.0">
    <skipped/>
  </testcase> <!-- f -->
  <testcase classname="P21Jan2024.e2e.Dev1.Dev3" name="f" time="0.002">
    <skipped/>
  </testcase> <!-- f -->
  <testcase classname="P21Jan2024.e2e.Dev1.Dev3" name="f" time="0.0">
    <failure type="java.lang.AssertionError" message="expected [true] but found [false]">
      <![CDATA[java.lang.AssertionError: expected [true] but found [false]
at P21Jan2024.e2e.Dev1.Dev3.f(Dev3.java:23)
at java.base/java.util.ArrayList.forEach(ArrayList.java:1511)
... Removed 36 stack frames]]>
    </failure>
  </testcase> <!-- f -->
  <testcase classname="P21Jan2024.e2e.Dev1.Dev3" name="f" time="6.071"/>
  <testcase classname="P21Jan2024.e2e.Dev1.Dev3" name="f" time="6.096"/>
  <testcase classname="P21Jan2024.e2e.DevOps1.DevOps1" name="f" time="6.094"/>
  <testcase classname="P21Jan2024.e2e.QA1.QA1" name="f" time="6.1"/>
</testsuite> <!-- Test -->
